# JRE version: OpenJDK Runtime Environment Temurin-21.0.8+9 (21.0.8+9) (build 21.0.8+9-LTS)
# Java VM: OpenJDK 64-Bit Server VM Temurin-21.0.8+9 (21.0.8+9-LTS, mixed mode, sharing, tiered, compressed oops, compressed class ptrs, parallel gc, windows-amd64)
GC Precious Log:
 CardTable entry size: 512
 CPUs: 8 total, 8 available
 Memory: 8043M
 Large Page Support: Disabled
 NUMA Support: Disabled
 Compressed Oops: Enabled (32-bit)
 Alignments: Space 512K, Generation 512K, Heap 2M
 Heap Min Capacity: 100M
 Heap Initial Capacity: 100M
 Heap Max Capacity: 2G
 Pre-touch: Disabled
 Parallel Workers: 8
Heap:
 PSYoungGen      total 8192K, used 3799K [0x00000000d5580000, 0x00000000d6200000, 0x0000000100000000)
  eden space 7680K, 45% used [0x00000000d5580000,0x00000000d58e5c80,0x00000000d5d00000)
  from space 512K, 62% used [0x00000000d6180000,0x00000000d61d0000,0x00000000d6200000)
  to   space 1536K, 0% used [0x00000000d5f00000,0x00000000d5f00000,0x00000000d6080000)
 ParOldGen       total 504832K, used 214840K [0x0000000080000000, 0x000000009ed00000, 0x00000000d5580000)
  object space 504832K, 42% used [0x0000000080000000,0x000000008d1ce338,0x000000009ed00000)
 Metaspace       used 83544K, committed 85312K, reserved 1179648K
  class space    used 8788K, committed 9536K, reserved 1048576K
GC Heap History (20 events):
Event: 462.826 GC heap before
{Heap before GC invocations=785 (full 4):
 PSYoungGen      total 7168K, used 6589K [0x00000000d5580000, 0x00000000d5f00000, 0x0000000100000000)
  eden space 5632K, 96% used [0x00000000d5580000,0x00000000d5ad47d0,0x00000000d5b00000)
  from space 1536K, 73% used [0x00000000d5d80000,0x00000000d5e9b000,0x00000000d5f00000)
  to   space 1536K, 0% used [0x00000000d5c00000,0x00000000d5c00000,0x00000000d5d80000)
 ParOldGen       total 504832K, used 202186K [0x0000000080000000, 0x000000009ed00000, 0x00000000d5580000)
  object space 504832K, 40% used [0x0000000080000000,0x000000008c572810,0x000000009ed00000)
 Metaspace       used 83437K, committed 85248K, reserved 1179648K
  class space    used 8783K, committed 9536K, reserved 1048576K
}
Event: 462.830 GC heap after
{Heap after GC invocations=785 (full 4):
 PSYoungGen      total 8192K, used 1104K [0x00000000d5580000, 0x00000000d5f80000, 0x0000000100000000)
  eden space 6656K, 0% used [0x00000000d5580000,0x00000000d5580000,0x00000000d5c00000)
  from space 1536K, 71% used [0x00000000d5c00000,0x00000000d5d14000,0x00000000d5d80000)
  to   space 1536K, 0% used [0x00000000d5e00000,0x00000000d5e00000,0x00000000d5f80000)
 ParOldGen       total 504832K, used 203098K [0x0000000080000000, 0x000000009ed00000, 0x00000000d5580000)
  object space 504832K, 40% used [0x0000000080000000,0x000000008c656810,0x000000009ed00000)
 Metaspace       used 83437K, committed 85248K, reserved 1179648K
  class space    used 8783K, committed 9536K, reserved 1048576K
}
Event: 462.841 GC heap before
{Heap before GC invocations=786 (full 4):
 PSYoungGen      total 8192K, used 7760K [0x00000000d5580000, 0x00000000d5f80000, 0x0000000100000000)
  eden space 6656K, 100% used [0x00000000d5580000,0x00000000d5c00000,0x00000000d5c00000)
  from space 1536K, 71% used [0x00000000d5c00000,0x00000000d5d14000,0x00000000d5d80000)
  to   space 1536K, 0% used [0x00000000d5e00000,0x00000000d5e00000,0x00000000d5f80000)
 ParOldGen       total 504832K, used 203098K [0x0000000080000000, 0x000000009ed00000, 0x00000000d5580000)
  object space 504832K, 40% used [0x0000000080000000,0x000000008c656810,0x000000009ed00000)
 Metaspace       used 83437K, committed 85248K, reserved 1179648K
  class space    used 8783K, committed 9536K, reserved 1048576K
}
Event: 462.844 GC heap after
{Heap after GC invocations=786 (full 4):
 PSYoungGen      total 9216K, used 843K [0x00000000d5580000, 0x00000000d5f80000, 0x0000000100000000)
  eden space 7680K, 0% used [0x00000000d5580000,0x00000000d5580000,0x00000000d5d00000)
  from space 1536K, 54% used [0x00000000d5e00000,0x00000000d5ed2e88,0x00000000d5f80000)
  to   space 1024K, 0% used [0x00000000d5d00000,0x00000000d5d00000,0x00000000d5e00000)
 ParOldGen       total 504832K, used 203786K [0x0000000080000000, 0x000000009ed00000, 0x00000000d5580000)
  object space 504832K, 40% used [0x0000000080000000,0x000000008c702810,0x000000009ed00000)
 Metaspace       used 83437K, committed 85248K, reserved 1179648K
  class space    used 8783K, committed 9536K, reserved 1048576K
}
Event: 462.854 GC heap before
{Heap before GC invocations=787 (full 4):
 PSYoungGen      total 9216K, used 8523K [0x00000000d5580000, 0x00000000d5f80000, 0x0000000100000000)
  eden space 7680K, 100% used [0x00000000d5580000,0x00000000d5d00000,0x00000000d5d00000)
  from space 1536K, 54% used [0x00000000d5e00000,0x00000000d5ed2e88,0x00000000d5f80000)
  to   space 1024K, 0% used [0x00000000d5d00000,0x00000000d5d00000,0x00000000d5e00000)
 ParOldGen       total 504832K, used 203786K [0x0000000080000000, 0x000000009ed00000, 0x00000000d5580000)
  object space 504832K, 40% used [0x0000000080000000,0x000000008c702810,0x000000009ed00000)
 Metaspace       used 83437K, committed 85248K, reserved 1179648K
  class space    used 8783K, committed 9536K, reserved 1048576K
}
Event: 462.858 GC heap after
{Heap after GC invocations=787 (full 4):
 PSYoungGen      total 8704K, used 1013K [0x00000000d5580000, 0x00000000d6380000, 0x0000000100000000)
  eden space 7680K, 0% used [0x00000000d5580000,0x00000000d5580000,0x00000000d5d00000)
  from space 1024K, 99% used [0x00000000d5d00000,0x00000000d5dfd758,0x00000000d5e00000)
  to   space 2560K, 0% used [0x00000000d6100000,0x00000000d6100000,0x00000000d6380000)
 ParOldGen       total 504832K, used 204858K [0x0000000080000000, 0x000000009ed00000, 0x00000000d5580000)
  object space 504832K, 40% used [0x0000000080000000,0x000000008c80e810,0x000000009ed00000)
 Metaspace       used 83437K, committed 85248K, reserved 1179648K
  class space    used 8783K, committed 9536K, reserved 1048576K
}
Event: 462.867 GC heap before
{Heap before GC invocations=788 (full 4):
 PSYoungGen      total 8704K, used 8693K [0x00000000d5580000, 0x00000000d6380000, 0x0000000100000000)
  eden space 7680K, 100% used [0x00000000d5580000,0x00000000d5d00000,0x00000000d5d00000)
  from space 1024K, 99% used [0x00000000d5d00000,0x00000000d5dfd758,0x00000000d5e00000)
  to   space 2560K, 0% used [0x00000000d6100000,0x00000000d6100000,0x00000000d6380000)
 ParOldGen       total 504832K, used 204858K [0x0000000080000000, 0x000000009ed00000, 0x00000000d5580000)
  object space 504832K, 40% used [0x0000000080000000,0x000000008c80e810,0x000000009ed00000)
 Metaspace       used 83437K, committed 85248K, reserved 1179648K
  class space    used 8783K, committed 9536K, reserved 1048576K
}
Event: 462.874 GC heap after
{Heap after GC invocations=788 (full 4):
 PSYoungGen      total 10240K, used 808K [0x00000000d5580000, 0x00000000d6200000, 0x0000000100000000)
  eden space 9216K, 0% used [0x00000000d5580000,0x00000000d5580000,0x00000000d5e80000)
  from space 1024K, 78% used [0x00000000d6100000,0x00000000d61ca2c0,0x00000000d6200000)
  to   space 1536K, 0% used [0x00000000d5f00000,0x00000000d5f00000,0x00000000d6080000)
 ParOldGen       total 504832K, used 206306K [0x0000000080000000, 0x000000009ed00000, 0x00000000d5580000)
  object space 504832K, 40% used [0x0000000080000000,0x000000008c978810,0x000000009ed00000)
 Metaspace       used 83437K, committed 85248K, reserved 1179648K
  class space    used 8783K, committed 9536K, reserved 1048576K
}
Event: 463.007 GC heap before
{Heap before GC invocations=789 (full 4):
 PSYoungGen      total 10240K, used 10024K [0x00000000d5580000, 0x00000000d6200000, 0x0000000100000000)
  eden space 9216K, 100% used [0x00000000d5580000,0x00000000d5e80000,0x00000000d5e80000)
  from space 1024K, 78% used [0x00000000d6100000,0x00000000d61ca2c0,0x00000000d6200000)
  to   space 1536K, 0% used [0x00000000d5f00000,0x00000000d5f00000,0x00000000d6080000)
 ParOldGen       total 504832K, used 206306K [0x0000000080000000, 0x000000009ed00000, 0x00000000d5580000)
  object space 504832K, 40% used [0x0000000080000000,0x000000008c978810,0x000000009ed00000)
 Metaspace       used 83437K, committed 85248K, reserved 1179648K
  class space    used 8783K, committed 9536K, reserved 1048576K
}
Event: 463.011 GC heap after
{Heap after GC invocations=789 (full 4):
 PSYoungGen      total 11264K, used 288K [0x00000000d5580000, 0x00000000d6280000, 0x0000000100000000)
  eden space 9728K, 0% used [0x00000000d5580000,0x00000000d5580000,0x00000000d5f00000)
  from space 1536K, 18% used [0x00000000d5f00000,0x00000000d5f48000,0x00000000d6080000)
  to   space 1024K, 0% used [0x00000000d6180000,0x00000000d6180000,0x00000000d6280000)
 ParOldGen       total 504832K, used 206826K [0x0000000080000000, 0x000000009ed00000, 0x00000000d5580000)
  object space 504832K, 40% used [0x0000000080000000,0x000000008c9fa810,0x000000009ed00000)
 Metaspace       used 83437K, committed 85248K, reserved 1179648K
  class space    used 8783K, committed 9536K, reserved 1048576K
}
Event: 463.044 GC heap before
{Heap before GC invocations=790 (full 4):
 PSYoungGen      total 11264K, used 10016K [0x00000000d5580000, 0x00000000d6280000, 0x0000000100000000)
  eden space 9728K, 100% used [0x00000000d5580000,0x00000000d5f00000,0x00000000d5f00000)
  from space 1536K, 18% used [0x00000000d5f00000,0x00000000d5f48000,0x00000000d6080000)
  to   space 1024K, 0% used [0x00000000d6180000,0x00000000d6180000,0x00000000d6280000)
 ParOldGen       total 504832K, used 206826K [0x0000000080000000, 0x000000009ed00000, 0x00000000d5580000)
  object space 504832K, 40% used [0x0000000080000000,0x000000008c9fa810,0x000000009ed00000)
 Metaspace       used 83437K, committed 85248K, reserved 1179648K
  class space    used 8783K, committed 9536K, reserved 1048576K
}
Event: 463.047 GC heap after
{Heap after GC invocations=790 (full 4):
 PSYoungGen      total 12288K, used 290K [0x00000000d5580000, 0x00000000d6200000, 0x0000000100000000)
  eden space 11776K, 0% used [0x00000000d5580000,0x00000000d5580000,0x00000000d6100000)
  from space 512K, 56% used [0x00000000d6180000,0x00000000d61c8b30,0x00000000d6200000)
  to   space 512K, 0% used [0x00000000d6100000,0x00000000d6100000,0x00000000d6180000)
 ParOldGen       total 504832K, used 207010K [0x0000000080000000, 0x000000009ed00000, 0x00000000d5580000)
  object space 504832K, 41% used [0x0000000080000000,0x000000008ca28810,0x000000009ed00000)
 Metaspace       used 83437K, committed 85248K, reserved 1179648K
  class space    used 8783K, committed 9536K, reserved 1048576K
}
Event: 463.105 GC heap before
{Heap before GC invocations=791 (full 4):
 PSYoungGen      total 12288K, used 12066K [0x00000000d5580000, 0x00000000d6200000, 0x0000000100000000)
  eden space 11776K, 100% used [0x00000000d5580000,0x00000000d6100000,0x00000000d6100000)
  from space 512K, 56% used [0x00000000d6180000,0x00000000d61c8b30,0x00000000d6200000)
  to   space 512K, 0% used [0x00000000d6100000,0x00000000d6100000,0x00000000d6180000)
 ParOldGen       total 504832K, used 207010K [0x0000000080000000, 0x000000009ed00000, 0x00000000d5580000)
  object space 504832K, 41% used [0x0000000080000000,0x000000008ca28810,0x000000009ed00000)
 Metaspace       used 83437K, committed 85248K, reserved 1179648K
  class space    used 8783K, committed 9536K, reserved 1048576K
}
Event: 463.111 GC heap after
{Heap after GC invocations=791 (full 4):
 PSYoungGen      total 12288K, used 481K [0x00000000d5580000, 0x00000000d6680000, 0x0000000100000000)
  eden space 11776K, 0% used [0x00000000d5580000,0x00000000d5580000,0x00000000d6100000)
  from space 512K, 94% used [0x00000000d6100000,0x00000000d61786a8,0x00000000d6180000)
  to   space 1536K, 0% used [0x00000000d6500000,0x00000000d6500000,0x00000000d6680000)
 ParOldGen       total 504832K, used 207776K [0x0000000080000000, 0x000000009ed00000, 0x00000000d5580000)
  object space 504832K, 41% used [0x0000000080000000,0x000000008cae82e8,0x000000009ed00000)
 Metaspace       used 83437K, committed 85248K, reserved 1179648K
  class space    used 8783K, committed 9536K, reserved 1048576K
}
Event: 463.287 GC heap before
{Heap before GC invocations=792 (full 4):
 PSYoungGen      total 12288K, used 12257K [0x00000000d5580000, 0x00000000d6680000, 0x0000000100000000)
  eden space 11776K, 100% used [0x00000000d5580000,0x00000000d6100000,0x00000000d6100000)
  from space 512K, 94% used [0x00000000d6100000,0x00000000d61786a8,0x00000000d6180000)
  to   space 1536K, 0% used [0x00000000d6500000,0x00000000d6500000,0x00000000d6680000)
 ParOldGen       total 504832K, used 207776K [0x0000000080000000, 0x000000009ed00000, 0x00000000d5580000)
  object space 504832K, 41% used [0x0000000080000000,0x000000008cae82e8,0x000000009ed00000)
 Metaspace       used 83443K, committed 85248K, reserved 1179648K
  class space    used 8783K, committed 9536K, reserved 1048576K
}
Event: 463.310 GC heap after
{Heap after GC invocations=792 (full 4):
 PSYoungGen      total 9216K, used 1504K [0x00000000d5580000, 0x00000000d7100000, 0x0000000100000000)
  eden space 7680K, 0% used [0x00000000d5580000,0x00000000d5580000,0x00000000d5d00000)
  from space 1536K, 97% used [0x00000000d6500000,0x00000000d6678020,0x00000000d6680000)
  to   space 8192K, 0% used [0x00000000d5d00000,0x00000000d5d00000,0x00000000d6500000)
 ParOldGen       total 504832K, used 213296K [0x0000000080000000, 0x000000009ed00000, 0x00000000d5580000)
  object space 504832K, 42% used [0x0000000080000000,0x000000008d04c2e8,0x000000009ed00000)
 Metaspace       used 83443K, committed 85248K, reserved 1179648K
  class space    used 8783K, committed 9536K, reserved 1048576K
}
Event: 464.365 GC heap before
{Heap before GC invocations=793 (full 4):
 PSYoungGen      total 9216K, used 9176K [0x00000000d5580000, 0x00000000d7100000, 0x0000000100000000)
  eden space 7680K, 99% used [0x00000000d5580000,0x00000000d5cfe008,0x00000000d5d00000)
  from space 1536K, 97% used [0x00000000d6500000,0x00000000d6678020,0x00000000d6680000)
  to   space 8192K, 0% used [0x00000000d5d00000,0x00000000d5d00000,0x00000000d6500000)
 ParOldGen       total 504832K, used 213296K [0x0000000080000000, 0x000000009ed00000, 0x00000000d5580000)
  object space 504832K, 42% used [0x0000000080000000,0x000000008d04c2e8,0x000000009ed00000)
 Metaspace       used 83459K, committed 85248K, reserved 1179648K
  class space    used 8783K, committed 9536K, reserved 1048576K
}
Event: 464.369 GC heap after
{Heap after GC invocations=793 (full 4):
 PSYoungGen      total 10240K, used 2132K [0x00000000d5580000, 0x00000000d6580000, 0x0000000100000000)
  eden space 7680K, 0% used [0x00000000d5580000,0x00000000d5580000,0x00000000d5d00000)
  from space 2560K, 83% used [0x00000000d5d00000,0x00000000d5f15060,0x00000000d5f80000)
  to   space 4096K, 0% used [0x00000000d6180000,0x00000000d6180000,0x00000000d6580000)
 ParOldGen       total 504832K, used 214648K [0x0000000080000000, 0x000000009ed00000, 0x00000000d5580000)
  object space 504832K, 42% used [0x0000000080000000,0x000000008d19e2f8,0x000000009ed00000)
 Metaspace       used 83459K, committed 85248K, reserved 1179648K
  class space    used 8783K, committed 9536K, reserved 1048576K
}
Event: 678.913 GC heap before
{Heap before GC invocations=794 (full 4):
 PSYoungGen      total 10240K, used 9812K [0x00000000d5580000, 0x00000000d6580000, 0x0000000100000000)
  eden space 7680K, 100% used [0x00000000d5580000,0x00000000d5d00000,0x00000000d5d00000)
  from space 2560K, 83% used [0x00000000d5d00000,0x00000000d5f15060,0x00000000d5f80000)
  to   space 4096K, 0% used [0x00000000d6180000,0x00000000d6180000,0x00000000d6580000)
 ParOldGen       total 504832K, used 214648K [0x0000000080000000, 0x000000009ed00000, 0x00000000d5580000)
  object space 504832K, 42% used [0x0000000080000000,0x000000008d19e2f8,0x000000009ed00000)
 Metaspace       used 83511K, committed 85312K, reserved 1179648K
  class space    used 8783K, committed 9536K, reserved 1048576K
}
Event: 679.000 GC heap after
{Heap after GC invocations=794 (full 4):
 PSYoungGen      total 8192K, used 320K [0x00000000d5580000, 0x00000000d6200000, 0x0000000100000000)
  eden space 7680K, 0% used [0x00000000d5580000,0x00000000d5580000,0x00000000d5d00000)
  from space 512K, 62% used [0x00000000d6180000,0x00000000d61d0000,0x00000000d6200000)
  to   space 1536K, 0% used [0x00000000d5f00000,0x00000000d5f00000,0x00000000d6080000)
 ParOldGen       total 504832K, used 214840K [0x0000000080000000, 0x000000009ed00000, 0x00000000d5580000)
  object space 504832K, 42% used [0x0000000080000000,0x000000008d1ce338,0x000000009ed00000)
 Metaspace       used 83511K, committed 85312K, reserved 1179648K
  class space    used 8783K, committed 9536K, reserved 1048576K
}

